2019-05-31 19:28:17.364  INFO 2979 --- [restartedMain] i.a.tddworkout.TddWorkoutApplication     : Starting TddWorkoutApplication on Ashims-MacBook-Pro.local with PID 2979 (/Users/ashimkhadka/Documents/code/java/research/tdd-workout/target/classes started by ashimkhadka in /Users/ashimkhadka/Documents/code/java/research/tdd-workout)
2019-05-31 19:28:17.367  INFO 2979 --- [restartedMain] i.a.tddworkout.TddWorkoutApplication     : No active profile set, falling back to default profiles: default
2019-05-31 19:28:17.401  INFO 2979 --- [restartedMain] .e.DevToolsPropertyDefaultsPostProcessor : Devtools property defaults active! Set 'spring.devtools.add-properties' to 'false' to disable
2019-05-31 19:28:17.401  INFO 2979 --- [restartedMain] .e.DevToolsPropertyDefaultsPostProcessor : For additional web related logging consider setting the 'logging.level.web' property to 'DEBUG'
2019-05-31 19:28:17.933  INFO 2979 --- [restartedMain] .s.d.r.c.RepositoryConfigurationDelegate : Bootstrapping Spring Data repositories in DEFAULT mode.
2019-05-31 19:28:17.978  INFO 2979 --- [restartedMain] .s.d.r.c.RepositoryConfigurationDelegate : Finished Spring Data repository scanning in 39ms. Found 1 repository interfaces.
2019-05-31 19:28:18.257  INFO 2979 --- [restartedMain] trationDelegate$BeanPostProcessorChecker : Bean 'org.springframework.transaction.annotation.ProxyTransactionManagementConfiguration' of type [org.springframework.transaction.annotation.ProxyTransactionManagementConfiguration$$EnhancerBySpringCGLIB$$9dd425f7] is not eligible for getting processed by all BeanPostProcessors (for example: not eligible for auto-proxying)
2019-05-31 19:28:18.293  INFO 2979 --- [restartedMain] trationDelegate$BeanPostProcessorChecker : Bean 'org.springframework.hateoas.config.HateoasConfiguration' of type [org.springframework.hateoas.config.HateoasConfiguration$$EnhancerBySpringCGLIB$$1d547329] is not eligible for getting processed by all BeanPostProcessors (for example: not eligible for auto-proxying)
2019-05-31 19:28:18.522  INFO 2979 --- [restartedMain] o.s.b.w.embedded.tomcat.TomcatWebServer  : Tomcat initialized with port(s): 8080 (http)
2019-05-31 19:28:18.540  INFO 2979 --- [restartedMain] o.apache.catalina.core.StandardService   : Starting service [Tomcat]
2019-05-31 19:28:18.541  INFO 2979 --- [restartedMain] org.apache.catalina.core.StandardEngine  : Starting Servlet engine: [Apache Tomcat/9.0.19]
2019-05-31 19:28:18.619  INFO 2979 --- [restartedMain] o.a.c.c.C.[Tomcat].[localhost].[/]       : Initializing Spring embedded WebApplicationContext
2019-05-31 19:28:18.619  INFO 2979 --- [restartedMain] o.s.web.context.ContextLoader            : Root WebApplicationContext: initialization completed in 1218 ms
2019-05-31 19:28:18.746  INFO 2979 --- [restartedMain] com.zaxxer.hikari.HikariDataSource       : HikariPool-1 - Starting...
2019-05-31 19:28:18.864  INFO 2979 --- [restartedMain] com.zaxxer.hikari.HikariDataSource       : HikariPool-1 - Start completed.
2019-05-31 19:28:18.903  INFO 2979 --- [restartedMain] o.hibernate.jpa.internal.util.LogHelper  : HHH000204: Processing PersistenceUnitInfo [
	name: default
	...]
2019-05-31 19:28:18.942  INFO 2979 --- [restartedMain] org.hibernate.Version                    : HHH000412: Hibernate Core {5.3.10.Final}
2019-05-31 19:28:18.943  INFO 2979 --- [restartedMain] org.hibernate.cfg.Environment            : HHH000206: hibernate.properties not found
2019-05-31 19:28:19.026  INFO 2979 --- [restartedMain] o.hibernate.annotations.common.Version   : HCANN000001: Hibernate Commons Annotations {5.0.4.Final}
2019-05-31 19:28:19.109  INFO 2979 --- [restartedMain] org.hibernate.dialect.Dialect            : HHH000400: Using dialect: org.hibernate.dialect.H2Dialect
2019-05-31 19:28:19.492  INFO 2979 --- [restartedMain] o.h.t.schema.internal.SchemaCreatorImpl  : HHH000476: Executing import script 'org.hibernate.tool.schema.internal.exec.ScriptSourceInputNonExistentImpl@1b20a57a'
2019-05-31 19:28:19.495  INFO 2979 --- [restartedMain] j.LocalContainerEntityManagerFactoryBean : Initialized JPA EntityManagerFactory for persistence unit 'default'
2019-05-31 19:28:19.530  INFO 2979 --- [restartedMain] o.s.b.d.a.OptionalLiveReloadServer       : LiveReload server is running on port 35729
2019-05-31 19:28:19.946  INFO 2979 --- [restartedMain] o.s.s.concurrent.ThreadPoolTaskExecutor  : Initializing ExecutorService 'applicationTaskExecutor'
2019-05-31 19:28:19.975  WARN 2979 --- [restartedMain] aWebConfiguration$JpaWebMvcConfiguration : spring.jpa.open-in-view is enabled by default. Therefore, database queries may be performed during view rendering. Explicitly configure spring.jpa.open-in-view to disable this warning
2019-05-31 19:28:20.165  INFO 2979 --- [restartedMain] o.s.b.w.embedded.tomcat.TomcatWebServer  : Tomcat started on port(s): 8080 (http) with context path ''
2019-05-31 19:28:20.168  INFO 2979 --- [restartedMain] i.a.tddworkout.TddWorkoutApplication     : Started TddWorkoutApplication in 3.065 seconds (JVM running for 3.55)
2019-05-31 19:30:11.911  INFO 2979 --- [Thread-13] o.s.s.concurrent.ThreadPoolTaskExecutor  : Shutting down ExecutorService 'applicationTaskExecutor'
2019-05-31 19:30:11.912  INFO 2979 --- [Thread-13] j.LocalContainerEntityManagerFactoryBean : Closing JPA EntityManagerFactory for persistence unit 'default'
2019-05-31 19:30:11.912  INFO 2979 --- [Thread-13] .SchemaDropperImpl$DelayedDropActionImpl : HHH000477: Starting delayed evictData of schema as part of SessionFactory shut-down'
2019-05-31 19:30:11.920  INFO 2979 --- [Thread-13] o.s.b.f.support.DisposableBeanAdapter    : Invocation of destroy method failed on bean with name 'inMemoryDatabaseShutdownExecutor': org.h2.jdbc.JdbcSQLNonTransientConnectionException: Database is already closed (to disable automatic closing at VM shutdown, add ";DB_CLOSE_ON_EXIT=FALSE" to the db URL) [90121-199]
2019-05-31 19:30:11.920  INFO 2979 --- [Thread-13] com.zaxxer.hikari.HikariDataSource       : HikariPool-1 - Shutdown initiated...
2019-05-31 19:30:11.922  INFO 2979 --- [Thread-13] com.zaxxer.hikari.HikariDataSource       : HikariPool-1 - Shutdown completed.
2019-05-31 23:40:54.782  INFO 8134 --- [main] io.ashimjk.tddworkout.CachingTest        : Starting CachingTest on Ashims-MacBook-Pro.local with PID 8134 (started by ashimkhadka in /Users/ashimkhadka/Documents/code/research/spring/tdd-workout)
2019-05-31 23:40:54.784  INFO 8134 --- [main] io.ashimjk.tddworkout.CachingTest        : No active profile set, falling back to default profiles: default
2019-05-31 23:40:55.431  INFO 8134 --- [main] .s.d.r.c.RepositoryConfigurationDelegate : Bootstrapping Spring Data repositories in DEFAULT mode.
2019-05-31 23:40:55.548  INFO 8134 --- [main] .s.d.r.c.RepositoryConfigurationDelegate : Finished Spring Data repository scanning in 101ms. Found 1 repository interfaces.
2019-05-31 23:40:57.286  INFO 8134 --- [main] com.zaxxer.hikari.HikariDataSource       : HikariPool-1 - Starting...
2019-05-31 23:40:57.605  INFO 8134 --- [main] com.zaxxer.hikari.HikariDataSource       : HikariPool-1 - Start completed.
2019-05-31 23:40:57.756  INFO 8134 --- [main] o.hibernate.jpa.internal.util.LogHelper  : HHH000204: Processing PersistenceUnitInfo [
	name: default
	...]
2019-05-31 23:40:57.878  INFO 8134 --- [main] org.hibernate.Version                    : HHH000412: Hibernate Core {5.3.10.Final}
2019-05-31 23:40:57.880  INFO 8134 --- [main] org.hibernate.cfg.Environment            : HHH000206: hibernate.properties not found
2019-05-31 23:40:57.954  INFO 8134 --- [main] o.hibernate.annotations.common.Version   : HCANN000001: Hibernate Commons Annotations {5.0.4.Final}
2019-05-31 23:40:58.204  INFO 8134 --- [main] org.hibernate.dialect.Dialect            : HHH000400: Using dialect: org.hibernate.dialect.H2Dialect
2019-05-31 23:40:59.047  INFO 8134 --- [main] o.h.t.schema.internal.SchemaCreatorImpl  : HHH000476: Executing import script 'ScriptSourceInputFromUrl(file:/Users/ashimkhadka/Documents/code/research/spring/tdd-workout/target/test-classes/import.sql)'
2019-05-31 23:40:59.055  INFO 8134 --- [main] j.LocalContainerEntityManagerFactoryBean : Initialized JPA EntityManagerFactory for persistence unit 'default'
2019-05-31 23:40:59.691  INFO 8134 --- [main] io.ashimjk.tddworkout.CachingTest        : Started CachingTest in 6.323 seconds (JVM running for 8.128)
2019-05-31 23:40:59.900  INFO 8134 --- [main] io.ashimjk.tddworkout.IntegrationTest    : Starting IntegrationTest on Ashims-MacBook-Pro.local with PID 8134 (started by ashimkhadka in /Users/ashimkhadka/Documents/code/research/spring/tdd-workout)
2019-05-31 23:40:59.901  INFO 8134 --- [main] io.ashimjk.tddworkout.IntegrationTest    : No active profile set, falling back to default profiles: default
2019-05-31 23:41:00.330  INFO 8134 --- [main] .s.d.r.c.RepositoryConfigurationDelegate : Bootstrapping Spring Data repositories in DEFAULT mode.
2019-05-31 23:41:00.348  INFO 8134 --- [main] .s.d.r.c.RepositoryConfigurationDelegate : Finished Spring Data repository scanning in 18ms. Found 1 repository interfaces.
2019-05-31 23:41:00.603  INFO 8134 --- [main] trationDelegate$BeanPostProcessorChecker : Bean 'org.springframework.transaction.annotation.ProxyTransactionManagementConfiguration' of type [org.springframework.transaction.annotation.ProxyTransactionManagementConfiguration$$EnhancerBySpringCGLIB$$9e1c72a8] is not eligible for getting processed by all BeanPostProcessors (for example: not eligible for auto-proxying)
2019-05-31 23:41:00.663  INFO 8134 --- [main] trationDelegate$BeanPostProcessorChecker : Bean 'org.springframework.hateoas.config.HateoasConfiguration' of type [org.springframework.hateoas.config.HateoasConfiguration$$EnhancerBySpringCGLIB$$1d9cbfda] is not eligible for getting processed by all BeanPostProcessors (for example: not eligible for auto-proxying)
2019-05-31 23:41:01.151  INFO 8134 --- [main] o.s.b.w.embedded.tomcat.TomcatWebServer  : Tomcat initialized with port(s): 0 (http)
2019-05-31 23:41:01.200  INFO 8134 --- [main] o.apache.catalina.core.StandardService   : Starting service [Tomcat]
2019-05-31 23:41:01.201  INFO 8134 --- [main] org.apache.catalina.core.StandardEngine  : Starting Servlet engine: [Apache Tomcat/9.0.19]
2019-05-31 23:41:01.409  INFO 8134 --- [main] o.a.c.c.C.[Tomcat].[localhost].[/]       : Initializing Spring embedded WebApplicationContext
2019-05-31 23:41:01.410  INFO 8134 --- [main] o.s.web.context.ContextLoader            : Root WebApplicationContext: initialization completed in 1505 ms
2019-05-31 23:41:01.740  INFO 8134 --- [main] com.zaxxer.hikari.HikariDataSource       : HikariPool-2 - Starting...
2019-05-31 23:41:01.743  INFO 8134 --- [main] com.zaxxer.hikari.HikariDataSource       : HikariPool-2 - Start completed.
2019-05-31 23:41:01.770  INFO 8134 --- [main] o.hibernate.jpa.internal.util.LogHelper  : HHH000204: Processing PersistenceUnitInfo [
	name: default
	...]
2019-05-31 23:41:01.780  INFO 8134 --- [main] org.hibernate.dialect.Dialect            : HHH000400: Using dialect: org.hibernate.dialect.H2Dialect
2019-05-31 23:41:01.820  INFO 8134 --- [main] o.h.t.schema.internal.SchemaCreatorImpl  : HHH000476: Executing import script 'ScriptSourceInputFromUrl(file:/Users/ashimkhadka/Documents/code/research/spring/tdd-workout/target/test-classes/import.sql)'
2019-05-31 23:41:01.822  INFO 8134 --- [main] j.LocalContainerEntityManagerFactoryBean : Initialized JPA EntityManagerFactory for persistence unit 'default'
2019-05-31 23:41:03.135  INFO 8134 --- [main] o.s.s.concurrent.ThreadPoolTaskExecutor  : Initializing ExecutorService 'applicationTaskExecutor'
2019-05-31 23:41:03.224  WARN 8134 --- [main] aWebConfiguration$JpaWebMvcConfiguration : spring.jpa.open-in-view is enabled by default. Therefore, database queries may be performed during view rendering. Explicitly configure spring.jpa.open-in-view to disable this warning
2019-05-31 23:41:03.758  INFO 8134 --- [main] o.s.b.w.embedded.tomcat.TomcatWebServer  : Tomcat started on port(s): 54578 (http) with context path ''
2019-05-31 23:41:03.760  INFO 8134 --- [main] io.ashimjk.tddworkout.IntegrationTest    : Started IntegrationTest in 3.908 seconds (JVM running for 12.197)
2019-05-31 23:41:03.982  INFO 8134 --- [http-nio-auto-1-exec-1] o.a.c.c.C.[Tomcat].[localhost].[/]       : Initializing Spring DispatcherServlet 'dispatcherServlet'
2019-05-31 23:41:03.982  INFO 8134 --- [http-nio-auto-1-exec-1] o.s.web.servlet.DispatcherServlet        : Initializing Servlet 'dispatcherServlet'
2019-05-31 23:41:04.015  INFO 8134 --- [http-nio-auto-1-exec-1] o.s.web.servlet.DispatcherServlet        : Completed initialization in 33 ms
2019-05-31 23:41:04.256  INFO 8134 --- [main] i.a.t.lgdraft.LgDraftControllerTest      : Starting LgDraftControllerTest on Ashims-MacBook-Pro.local with PID 8134 (started by ashimkhadka in /Users/ashimkhadka/Documents/code/research/spring/tdd-workout)
2019-05-31 23:41:04.257  INFO 8134 --- [main] i.a.t.lgdraft.LgDraftControllerTest      : No active profile set, falling back to default profiles: default
2019-05-31 23:41:04.582  INFO 8134 --- [main] trationDelegate$BeanPostProcessorChecker : Bean 'org.springframework.hateoas.config.HateoasConfiguration' of type [org.springframework.hateoas.config.HateoasConfiguration$$EnhancerBySpringCGLIB$$1d9cbfda] is not eligible for getting processed by all BeanPostProcessors (for example: not eligible for auto-proxying)
2019-05-31 23:41:04.945  INFO 8134 --- [main] o.s.s.concurrent.ThreadPoolTaskExecutor  : Initializing ExecutorService 'applicationTaskExecutor'
2019-05-31 23:41:05.209  INFO 8134 --- [main] o.s.b.t.m.w.SpringBootMockServletContext : Initializing Spring TestDispatcherServlet ''
2019-05-31 23:41:05.210  INFO 8134 --- [main] o.s.t.web.servlet.TestDispatcherServlet  : Initializing Servlet ''
2019-05-31 23:41:05.217  INFO 8134 --- [main] o.s.t.web.servlet.TestDispatcherServlet  : Completed initialization in 7 ms
2019-05-31 23:41:05.247  INFO 8134 --- [main] i.a.t.lgdraft.LgDraftControllerTest      : Started LgDraftControllerTest in 1.047 seconds (JVM running for 13.685)
2019-05-31 23:41:05.392  INFO 8134 --- [main] i.a.t.lgdraft.LgDraftRepositoryTest      : Starting LgDraftRepositoryTest on Ashims-MacBook-Pro.local with PID 8134 (started by ashimkhadka in /Users/ashimkhadka/Documents/code/research/spring/tdd-workout)
2019-05-31 23:41:05.394  INFO 8134 --- [main] i.a.t.lgdraft.LgDraftRepositoryTest      : No active profile set, falling back to default profiles: default
2019-05-31 23:41:05.526  INFO 8134 --- [main] .s.d.r.c.RepositoryConfigurationDelegate : Bootstrapping Spring Data repositories in DEFAULT mode.
2019-05-31 23:41:05.539  INFO 8134 --- [main] .s.d.r.c.RepositoryConfigurationDelegate : Finished Spring Data repository scanning in 13ms. Found 1 repository interfaces.
2019-05-31 23:41:05.551  INFO 8134 --- [main] beddedDataSourceBeanFactoryPostProcessor : Replacing 'dataSource' DataSource bean with embedded version
2019-05-31 23:41:05.683  INFO 8134 --- [main] o.s.j.d.e.EmbeddedDatabaseFactory        : Starting embedded database: url='jdbc:h2:mem:fe293277-608b-41f3-899e-fd4dbfc13dc0;DB_CLOSE_DELAY=-1;DB_CLOSE_ON_EXIT=false', username='sa'
2019-05-31 23:41:05.794  INFO 8134 --- [main] o.hibernate.jpa.internal.util.LogHelper  : HHH000204: Processing PersistenceUnitInfo [
	name: default
	...]
2019-05-31 23:41:05.804  INFO 8134 --- [main] org.hibernate.dialect.Dialect            : HHH000400: Using dialect: org.hibernate.dialect.H2Dialect
2019-05-31 23:41:05.851  INFO 8134 --- [main] o.h.t.schema.internal.SchemaCreatorImpl  : HHH000476: Executing import script 'ScriptSourceInputFromUrl(file:/Users/ashimkhadka/Documents/code/research/spring/tdd-workout/target/test-classes/import.sql)'
2019-05-31 23:41:05.852  INFO 8134 --- [main] j.LocalContainerEntityManagerFactoryBean : Initialized JPA EntityManagerFactory for persistence unit 'default'
2019-05-31 23:41:06.153  INFO 8134 --- [main] i.a.t.lgdraft.LgDraftRepositoryTest      : Started LgDraftRepositoryTest in 0.808 seconds (JVM running for 14.591)
2019-05-31 23:41:06.178  INFO 8134 --- [main] o.s.t.c.transaction.TransactionContext   : Began transaction (1) for test context [DefaultTestContext@441016d6 testClass = LgDraftRepositoryTest, testInstance = io.ashimjk.tddworkout.lgdraft.LgDraftRepositoryTest@522f0bb8, testMethod = findByReference_ShouldReturnLGDraft@LgDraftRepositoryTest, testException = [null], mergedContextConfiguration = [MergedContextConfiguration@468f2a6f testClass = LgDraftRepositoryTest, locations = '{}', classes = '{class io.ashimjk.tddworkout.TddWorkoutApplication}', contextInitializerClasses = '[]', activeProfiles = '{}', propertySourceLocations = '{}', propertySourceProperties = '{org.springframework.boot.test.autoconfigure.orm.jpa.DataJpaTestContextBootstrapper=true}', contextCustomizers = set[[ImportsContextCustomizer@6a3a56de key = [org.springframework.boot.autoconfigure.cache.CacheAutoConfiguration, org.springframework.boot.autoconfigure.data.jpa.JpaRepositoriesAutoConfiguration, org.springframework.boot.autoconfigure.flyway.FlywayAutoConfiguration, org.springframework.boot.autoconfigure.jdbc.DataSourceAutoConfiguration, org.springframework.boot.autoconfigure.jdbc.DataSourceTransactionManagerAutoConfiguration, org.springframework.boot.autoconfigure.jdbc.JdbcTemplateAutoConfiguration, org.springframework.boot.autoconfigure.liquibase.LiquibaseAutoConfiguration, org.springframework.boot.autoconfigure.orm.jpa.HibernateJpaAutoConfiguration, org.springframework.boot.autoconfigure.transaction.TransactionAutoConfiguration, org.springframework.boot.test.autoconfigure.jdbc.TestDatabaseAutoConfiguration, org.springframework.boot.test.autoconfigure.orm.jpa.TestEntityManagerAutoConfiguration]], org.springframework.boot.test.context.filter.ExcludeFilterContextCustomizer@30a3107a, org.springframework.boot.test.json.DuplicateJsonObjectContextCustomizerFactory$DuplicateJsonObjectContextCustomizer@52feb982, org.springframework.boot.test.mock.mockito.MockitoContextCustomizer@0, org.springframework.boot.test.autoconfigure.OverrideAutoConfigurationContextCustomizerFactory$DisableAutoConfigurationContextCustomizer@799f10e1, org.springframework.boot.test.autoconfigure.filter.TypeExcludeFiltersContextCustomizer@351584c0, org.springframework.boot.test.autoconfigure.properties.PropertyMappingContextCustomizer@f7f8032a, org.springframework.boot.test.autoconfigure.web.servlet.WebDriverContextCustomizerFactory$Customizer@50d0686], contextLoader = 'org.springframework.boot.test.context.SpringBootContextLoader', parent = [null]], attributes = map[[empty]]]; transaction manager [org.springframework.orm.jpa.JpaTransactionManager@33837bd4]; rollback [true]
2019-05-31 23:41:06.311  INFO 8134 --- [main] o.h.h.i.QueryTranslatorFactoryInitiator  : HHH000397: Using ASTQueryTranslatorFactory
2019-05-31 23:41:06.524  INFO 8134 --- [main] o.s.t.c.transaction.TransactionContext   : Rolled back transaction for test: [DefaultTestContext@441016d6 testClass = LgDraftRepositoryTest, testInstance = io.ashimjk.tddworkout.lgdraft.LgDraftRepositoryTest@522f0bb8, testMethod = findByReference_ShouldReturnLGDraft@LgDraftRepositoryTest, testException = [null], mergedContextConfiguration = [MergedContextConfiguration@468f2a6f testClass = LgDraftRepositoryTest, locations = '{}', classes = '{class io.ashimjk.tddworkout.TddWorkoutApplication}', contextInitializerClasses = '[]', activeProfiles = '{}', propertySourceLocations = '{}', propertySourceProperties = '{org.springframework.boot.test.autoconfigure.orm.jpa.DataJpaTestContextBootstrapper=true}', contextCustomizers = set[[ImportsContextCustomizer@6a3a56de key = [org.springframework.boot.autoconfigure.cache.CacheAutoConfiguration, org.springframework.boot.autoconfigure.data.jpa.JpaRepositoriesAutoConfiguration, org.springframework.boot.autoconfigure.flyway.FlywayAutoConfiguration, org.springframework.boot.autoconfigure.jdbc.DataSourceAutoConfiguration, org.springframework.boot.autoconfigure.jdbc.DataSourceTransactionManagerAutoConfiguration, org.springframework.boot.autoconfigure.jdbc.JdbcTemplateAutoConfiguration, org.springframework.boot.autoconfigure.liquibase.LiquibaseAutoConfiguration, org.springframework.boot.autoconfigure.orm.jpa.HibernateJpaAutoConfiguration, org.springframework.boot.autoconfigure.transaction.TransactionAutoConfiguration, org.springframework.boot.test.autoconfigure.jdbc.TestDatabaseAutoConfiguration, org.springframework.boot.test.autoconfigure.orm.jpa.TestEntityManagerAutoConfiguration]], org.springframework.boot.test.context.filter.ExcludeFilterContextCustomizer@30a3107a, org.springframework.boot.test.json.DuplicateJsonObjectContextCustomizerFactory$DuplicateJsonObjectContextCustomizer@52feb982, org.springframework.boot.test.mock.mockito.MockitoContextCustomizer@0, org.springframework.boot.test.autoconfigure.OverrideAutoConfigurationContextCustomizerFactory$DisableAutoConfigurationContextCustomizer@799f10e1, org.springframework.boot.test.autoconfigure.filter.TypeExcludeFiltersContextCustomizer@351584c0, org.springframework.boot.test.autoconfigure.properties.PropertyMappingContextCustomizer@f7f8032a, org.springframework.boot.test.autoconfigure.web.servlet.WebDriverContextCustomizerFactory$Customizer@50d0686], contextLoader = 'org.springframework.boot.test.context.SpringBootContextLoader', parent = [null]], attributes = map[[empty]]]
2019-05-31 23:41:06.573  INFO 8134 --- [Thread-3] j.LocalContainerEntityManagerFactoryBean : Closing JPA EntityManagerFactory for persistence unit 'default'
2019-05-31 23:41:06.574  INFO 8134 --- [Thread-10] j.LocalContainerEntityManagerFactoryBean : Closing JPA EntityManagerFactory for persistence unit 'default'
2019-05-31 23:41:06.574  INFO 8134 --- [Thread-8] o.s.s.concurrent.ThreadPoolTaskExecutor  : Shutting down ExecutorService 'applicationTaskExecutor'
2019-05-31 23:41:06.575  INFO 8134 --- [Thread-3] .SchemaDropperImpl$DelayedDropActionImpl : HHH000477: Starting delayed evictData of schema as part of SessionFactory shut-down'
2019-05-31 23:41:06.575  INFO 8134 --- [Thread-10] .SchemaDropperImpl$DelayedDropActionImpl : HHH000477: Starting delayed evictData of schema as part of SessionFactory shut-down'
2019-05-31 23:41:06.576  INFO 8134 --- [Thread-6] o.s.s.concurrent.ThreadPoolTaskExecutor  : Shutting down ExecutorService 'applicationTaskExecutor'
2019-05-31 23:41:06.578  INFO 8134 --- [Thread-6] j.LocalContainerEntityManagerFactoryBean : Closing JPA EntityManagerFactory for persistence unit 'default'
2019-05-31 23:41:06.580  INFO 8134 --- [Thread-6] .SchemaDropperImpl$DelayedDropActionImpl : HHH000477: Starting delayed evictData of schema as part of SessionFactory shut-down'
2019-05-31 23:41:41.106  INFO 8140 --- [main] io.ashimjk.tddworkout.CachingTest        : Starting CachingTest on Ashims-MacBook-Pro.local with PID 8140 (started by ashimkhadka in /Users/ashimkhadka/Documents/code/research/spring/tdd-workout)
2019-05-31 23:41:41.109  INFO 8140 --- [main] io.ashimjk.tddworkout.CachingTest        : No active profile set, falling back to default profiles: default
2019-05-31 23:41:42.047  INFO 8140 --- [main] .s.d.r.c.RepositoryConfigurationDelegate : Bootstrapping Spring Data repositories in DEFAULT mode.
2019-05-31 23:41:42.178  INFO 8140 --- [main] .s.d.r.c.RepositoryConfigurationDelegate : Finished Spring Data repository scanning in 114ms. Found 1 repository interfaces.
2019-05-31 23:41:43.911  INFO 8140 --- [main] com.zaxxer.hikari.HikariDataSource       : HikariPool-1 - Starting...
2019-05-31 23:41:44.226  INFO 8140 --- [main] com.zaxxer.hikari.HikariDataSource       : HikariPool-1 - Start completed.
2019-05-31 23:41:44.372  INFO 8140 --- [main] o.hibernate.jpa.internal.util.LogHelper  : HHH000204: Processing PersistenceUnitInfo [
	name: default
	...]
2019-05-31 23:41:44.486  INFO 8140 --- [main] org.hibernate.Version                    : HHH000412: Hibernate Core {5.3.10.Final}
2019-05-31 23:41:44.488  INFO 8140 --- [main] org.hibernate.cfg.Environment            : HHH000206: hibernate.properties not found
2019-05-31 23:41:44.562  INFO 8140 --- [main] o.hibernate.annotations.common.Version   : HCANN000001: Hibernate Commons Annotations {5.0.4.Final}
2019-05-31 23:41:44.814  INFO 8140 --- [main] org.hibernate.dialect.Dialect            : HHH000400: Using dialect: org.hibernate.dialect.H2Dialect
2019-05-31 23:41:45.618  INFO 8140 --- [main] o.h.t.schema.internal.SchemaCreatorImpl  : HHH000476: Executing import script 'ScriptSourceInputFromUrl(file:/Users/ashimkhadka/Documents/code/research/spring/tdd-workout/target/test-classes/import.sql)'
2019-05-31 23:41:45.626  INFO 8140 --- [main] j.LocalContainerEntityManagerFactoryBean : Initialized JPA EntityManagerFactory for persistence unit 'default'
2019-05-31 23:41:46.392  INFO 8140 --- [main] io.ashimjk.tddworkout.CachingTest        : Started CachingTest in 5.846 seconds (JVM running for 7.532)
2019-05-31 23:41:46.633  INFO 8140 --- [main] io.ashimjk.tddworkout.IntegrationTest    : Starting IntegrationTest on Ashims-MacBook-Pro.local with PID 8140 (started by ashimkhadka in /Users/ashimkhadka/Documents/code/research/spring/tdd-workout)
2019-05-31 23:41:46.634  INFO 8140 --- [main] io.ashimjk.tddworkout.IntegrationTest    : No active profile set, falling back to default profiles: default
2019-05-31 23:41:47.117  INFO 8140 --- [main] .s.d.r.c.RepositoryConfigurationDelegate : Bootstrapping Spring Data repositories in DEFAULT mode.
2019-05-31 23:41:47.135  INFO 8140 --- [main] .s.d.r.c.RepositoryConfigurationDelegate : Finished Spring Data repository scanning in 17ms. Found 1 repository interfaces.
2019-05-31 23:41:47.396  INFO 8140 --- [main] trationDelegate$BeanPostProcessorChecker : Bean 'org.springframework.transaction.annotation.ProxyTransactionManagementConfiguration' of type [org.springframework.transaction.annotation.ProxyTransactionManagementConfiguration$$EnhancerBySpringCGLIB$$4237faac] is not eligible for getting processed by all BeanPostProcessors (for example: not eligible for auto-proxying)
2019-05-31 23:41:47.462  INFO 8140 --- [main] trationDelegate$BeanPostProcessorChecker : Bean 'org.springframework.hateoas.config.HateoasConfiguration' of type [org.springframework.hateoas.config.HateoasConfiguration$$EnhancerBySpringCGLIB$$c1b847de] is not eligible for getting processed by all BeanPostProcessors (for example: not eligible for auto-proxying)
2019-05-31 23:41:48.027  INFO 8140 --- [main] o.s.b.w.embedded.tomcat.TomcatWebServer  : Tomcat initialized with port(s): 0 (http)
2019-05-31 23:41:48.081  INFO 8140 --- [main] o.apache.catalina.core.StandardService   : Starting service [Tomcat]
2019-05-31 23:41:48.082  INFO 8140 --- [main] org.apache.catalina.core.StandardEngine  : Starting Servlet engine: [Apache Tomcat/9.0.19]
2019-05-31 23:41:48.310  INFO 8140 --- [main] o.a.c.c.C.[Tomcat].[localhost].[/]       : Initializing Spring embedded WebApplicationContext
2019-05-31 23:41:48.311  INFO 8140 --- [main] o.s.web.context.ContextLoader            : Root WebApplicationContext: initialization completed in 1672 ms
2019-05-31 23:41:48.654  INFO 8140 --- [main] com.zaxxer.hikari.HikariDataSource       : HikariPool-2 - Starting...
2019-05-31 23:41:48.656  INFO 8140 --- [main] com.zaxxer.hikari.HikariDataSource       : HikariPool-2 - Start completed.
2019-05-31 23:41:48.690  INFO 8140 --- [main] o.hibernate.jpa.internal.util.LogHelper  : HHH000204: Processing PersistenceUnitInfo [
	name: default
	...]
2019-05-31 23:41:48.699  INFO 8140 --- [main] org.hibernate.dialect.Dialect            : HHH000400: Using dialect: org.hibernate.dialect.H2Dialect
2019-05-31 23:41:48.746  INFO 8140 --- [main] o.h.t.schema.internal.SchemaCreatorImpl  : HHH000476: Executing import script 'ScriptSourceInputFromUrl(file:/Users/ashimkhadka/Documents/code/research/spring/tdd-workout/target/test-classes/import.sql)'
2019-05-31 23:41:48.748  INFO 8140 --- [main] j.LocalContainerEntityManagerFactoryBean : Initialized JPA EntityManagerFactory for persistence unit 'default'
2019-05-31 23:41:50.345  INFO 8140 --- [main] o.s.s.concurrent.ThreadPoolTaskExecutor  : Initializing ExecutorService 'applicationTaskExecutor'
2019-05-31 23:41:50.464  WARN 8140 --- [main] aWebConfiguration$JpaWebMvcConfiguration : spring.jpa.open-in-view is enabled by default. Therefore, database queries may be performed during view rendering. Explicitly configure spring.jpa.open-in-view to disable this warning
2019-05-31 23:41:51.190  INFO 8140 --- [main] o.s.b.w.embedded.tomcat.TomcatWebServer  : Tomcat started on port(s): 54588 (http) with context path ''
2019-05-31 23:41:51.193  INFO 8140 --- [main] io.ashimjk.tddworkout.IntegrationTest    : Started IntegrationTest in 4.617 seconds (JVM running for 12.333)
2019-05-31 23:41:51.472  INFO 8140 --- [http-nio-auto-1-exec-1] o.a.c.c.C.[Tomcat].[localhost].[/]       : Initializing Spring DispatcherServlet 'dispatcherServlet'
2019-05-31 23:41:51.472  INFO 8140 --- [http-nio-auto-1-exec-1] o.s.web.servlet.DispatcherServlet        : Initializing Servlet 'dispatcherServlet'
2019-05-31 23:41:51.514  INFO 8140 --- [http-nio-auto-1-exec-1] o.s.web.servlet.DispatcherServlet        : Completed initialization in 41 ms
2019-05-31 23:41:51.638  INFO 8140 --- [http-nio-auto-1-exec-1] o.h.h.i.QueryTranslatorFactoryInitiator  : HHH000397: Using ASTQueryTranslatorFactory
2019-05-31 23:41:52.116  INFO 8140 --- [main] i.a.t.lgdraft.LgDraftControllerTest      : Starting LgDraftControllerTest on Ashims-MacBook-Pro.local with PID 8140 (started by ashimkhadka in /Users/ashimkhadka/Documents/code/research/spring/tdd-workout)
2019-05-31 23:41:52.117  INFO 8140 --- [main] i.a.t.lgdraft.LgDraftControllerTest      : No active profile set, falling back to default profiles: default
2019-05-31 23:41:52.484  INFO 8140 --- [main] trationDelegate$BeanPostProcessorChecker : Bean 'org.springframework.hateoas.config.HateoasConfiguration' of type [org.springframework.hateoas.config.HateoasConfiguration$$EnhancerBySpringCGLIB$$c1b847de] is not eligible for getting processed by all BeanPostProcessors (for example: not eligible for auto-proxying)
2019-05-31 23:41:52.907  INFO 8140 --- [main] o.s.s.concurrent.ThreadPoolTaskExecutor  : Initializing ExecutorService 'applicationTaskExecutor'
2019-05-31 23:41:53.230  INFO 8140 --- [main] o.s.b.t.m.w.SpringBootMockServletContext : Initializing Spring TestDispatcherServlet ''
2019-05-31 23:41:53.230  INFO 8140 --- [main] o.s.t.web.servlet.TestDispatcherServlet  : Initializing Servlet ''
2019-05-31 23:41:53.238  INFO 8140 --- [main] o.s.t.web.servlet.TestDispatcherServlet  : Completed initialization in 8 ms
2019-05-31 23:41:53.276  INFO 8140 --- [main] i.a.t.lgdraft.LgDraftControllerTest      : Started LgDraftControllerTest in 1.213 seconds (JVM running for 14.416)
2019-05-31 23:41:53.441  INFO 8140 --- [main] i.a.t.lgdraft.LgDraftRepositoryTest      : Starting LgDraftRepositoryTest on Ashims-MacBook-Pro.local with PID 8140 (started by ashimkhadka in /Users/ashimkhadka/Documents/code/research/spring/tdd-workout)
2019-05-31 23:41:53.442  INFO 8140 --- [main] i.a.t.lgdraft.LgDraftRepositoryTest      : No active profile set, falling back to default profiles: default
2019-05-31 23:41:53.584  INFO 8140 --- [main] .s.d.r.c.RepositoryConfigurationDelegate : Bootstrapping Spring Data repositories in DEFAULT mode.
2019-05-31 23:41:53.597  INFO 8140 --- [main] .s.d.r.c.RepositoryConfigurationDelegate : Finished Spring Data repository scanning in 12ms. Found 1 repository interfaces.
2019-05-31 23:41:53.611  INFO 8140 --- [main] beddedDataSourceBeanFactoryPostProcessor : Replacing 'dataSource' DataSource bean with embedded version
2019-05-31 23:41:53.723  INFO 8140 --- [main] o.s.j.d.e.EmbeddedDatabaseFactory        : Starting embedded database: url='jdbc:h2:mem:94e40105-508a-4e78-abbd-d619951dfe95;DB_CLOSE_DELAY=-1;DB_CLOSE_ON_EXIT=false', username='sa'
2019-05-31 23:41:53.814  INFO 8140 --- [main] o.hibernate.jpa.internal.util.LogHelper  : HHH000204: Processing PersistenceUnitInfo [
	name: default
	...]
2019-05-31 23:41:53.825  INFO 8140 --- [main] org.hibernate.dialect.Dialect            : HHH000400: Using dialect: org.hibernate.dialect.H2Dialect
2019-05-31 23:41:53.871  INFO 8140 --- [main] o.h.t.schema.internal.SchemaCreatorImpl  : HHH000476: Executing import script 'ScriptSourceInputFromUrl(file:/Users/ashimkhadka/Documents/code/research/spring/tdd-workout/target/test-classes/import.sql)'
2019-05-31 23:41:53.872  INFO 8140 --- [main] j.LocalContainerEntityManagerFactoryBean : Initialized JPA EntityManagerFactory for persistence unit 'default'
2019-05-31 23:41:54.093  INFO 8140 --- [main] i.a.t.lgdraft.LgDraftRepositoryTest      : Started LgDraftRepositoryTest in 0.696 seconds (JVM running for 15.234)
2019-05-31 23:41:54.117  INFO 8140 --- [main] o.s.t.c.transaction.TransactionContext   : Began transaction (1) for test context [DefaultTestContext@67f266bd testClass = LgDraftRepositoryTest, testInstance = io.ashimjk.tddworkout.lgdraft.LgDraftRepositoryTest@31c0c7e5, testMethod = findByReference_ShouldReturnLGDraft@LgDraftRepositoryTest, testException = [null], mergedContextConfiguration = [MergedContextConfiguration@912747d testClass = LgDraftRepositoryTest, locations = '{}', classes = '{class io.ashimjk.tddworkout.TddWorkoutApplication}', contextInitializerClasses = '[]', activeProfiles = '{}', propertySourceLocations = '{}', propertySourceProperties = '{org.springframework.boot.test.autoconfigure.orm.jpa.DataJpaTestContextBootstrapper=true}', contextCustomizers = set[[ImportsContextCustomizer@78ea700f key = [org.springframework.boot.autoconfigure.cache.CacheAutoConfiguration, org.springframework.boot.autoconfigure.data.jpa.JpaRepositoriesAutoConfiguration, org.springframework.boot.autoconfigure.flyway.FlywayAutoConfiguration, org.springframework.boot.autoconfigure.jdbc.DataSourceAutoConfiguration, org.springframework.boot.autoconfigure.jdbc.DataSourceTransactionManagerAutoConfiguration, org.springframework.boot.autoconfigure.jdbc.JdbcTemplateAutoConfiguration, org.springframework.boot.autoconfigure.liquibase.LiquibaseAutoConfiguration, org.springframework.boot.autoconfigure.orm.jpa.HibernateJpaAutoConfiguration, org.springframework.boot.autoconfigure.transaction.TransactionAutoConfiguration, org.springframework.boot.test.autoconfigure.jdbc.TestDatabaseAutoConfiguration, org.springframework.boot.test.autoconfigure.orm.jpa.TestEntityManagerAutoConfiguration]], org.springframework.boot.test.context.filter.ExcludeFilterContextCustomizer@30a3107a, org.springframework.boot.test.json.DuplicateJsonObjectContextCustomizerFactory$DuplicateJsonObjectContextCustomizer@52feb982, org.springframework.boot.test.mock.mockito.MockitoContextCustomizer@0, org.springframework.boot.test.autoconfigure.OverrideAutoConfigurationContextCustomizerFactory$DisableAutoConfigurationContextCustomizer@799f10e1, org.springframework.boot.test.autoconfigure.filter.TypeExcludeFiltersContextCustomizer@351584c0, org.springframework.boot.test.autoconfigure.properties.PropertyMappingContextCustomizer@f7f8032a, org.springframework.boot.test.autoconfigure.web.servlet.WebDriverContextCustomizerFactory$Customizer@50d0686], contextLoader = 'org.springframework.boot.test.context.SpringBootContextLoader', parent = [null]], attributes = map[[empty]]]; transaction manager [org.springframework.orm.jpa.JpaTransactionManager@2e91cf69]; rollback [true]
2019-05-31 23:41:54.174  INFO 8140 --- [main] o.h.h.i.QueryTranslatorFactoryInitiator  : HHH000397: Using ASTQueryTranslatorFactory
2019-05-31 23:41:54.192  INFO 8140 --- [main] o.s.t.c.transaction.TransactionContext   : Rolled back transaction for test: [DefaultTestContext@67f266bd testClass = LgDraftRepositoryTest, testInstance = io.ashimjk.tddworkout.lgdraft.LgDraftRepositoryTest@31c0c7e5, testMethod = findByReference_ShouldReturnLGDraft@LgDraftRepositoryTest, testException = [null], mergedContextConfiguration = [MergedContextConfiguration@912747d testClass = LgDraftRepositoryTest, locations = '{}', classes = '{class io.ashimjk.tddworkout.TddWorkoutApplication}', contextInitializerClasses = '[]', activeProfiles = '{}', propertySourceLocations = '{}', propertySourceProperties = '{org.springframework.boot.test.autoconfigure.orm.jpa.DataJpaTestContextBootstrapper=true}', contextCustomizers = set[[ImportsContextCustomizer@78ea700f key = [org.springframework.boot.autoconfigure.cache.CacheAutoConfiguration, org.springframework.boot.autoconfigure.data.jpa.JpaRepositoriesAutoConfiguration, org.springframework.boot.autoconfigure.flyway.FlywayAutoConfiguration, org.springframework.boot.autoconfigure.jdbc.DataSourceAutoConfiguration, org.springframework.boot.autoconfigure.jdbc.DataSourceTransactionManagerAutoConfiguration, org.springframework.boot.autoconfigure.jdbc.JdbcTemplateAutoConfiguration, org.springframework.boot.autoconfigure.liquibase.LiquibaseAutoConfiguration, org.springframework.boot.autoconfigure.orm.jpa.HibernateJpaAutoConfiguration, org.springframework.boot.autoconfigure.transaction.TransactionAutoConfiguration, org.springframework.boot.test.autoconfigure.jdbc.TestDatabaseAutoConfiguration, org.springframework.boot.test.autoconfigure.orm.jpa.TestEntityManagerAutoConfiguration]], org.springframework.boot.test.context.filter.ExcludeFilterContextCustomizer@30a3107a, org.springframework.boot.test.json.DuplicateJsonObjectContextCustomizerFactory$DuplicateJsonObjectContextCustomizer@52feb982, org.springframework.boot.test.mock.mockito.MockitoContextCustomizer@0, org.springframework.boot.test.autoconfigure.OverrideAutoConfigurationContextCustomizerFactory$DisableAutoConfigurationContextCustomizer@799f10e1, org.springframework.boot.test.autoconfigure.filter.TypeExcludeFiltersContextCustomizer@351584c0, org.springframework.boot.test.autoconfigure.properties.PropertyMappingContextCustomizer@f7f8032a, org.springframework.boot.test.autoconfigure.web.servlet.WebDriverContextCustomizerFactory$Customizer@50d0686], contextLoader = 'org.springframework.boot.test.context.SpringBootContextLoader', parent = [null]], attributes = map[[empty]]]
2019-05-31 23:41:54.241  INFO 8140 --- [Thread-3] j.LocalContainerEntityManagerFactoryBean : Closing JPA EntityManagerFactory for persistence unit 'default'
2019-05-31 23:41:54.243  INFO 8140 --- [Thread-10] j.LocalContainerEntityManagerFactoryBean : Closing JPA EntityManagerFactory for persistence unit 'default'
2019-05-31 23:41:54.243  INFO 8140 --- [Thread-8] o.s.s.concurrent.ThreadPoolTaskExecutor  : Shutting down ExecutorService 'applicationTaskExecutor'
2019-05-31 23:41:54.244  INFO 8140 --- [Thread-3] .SchemaDropperImpl$DelayedDropActionImpl : HHH000477: Starting delayed evictData of schema as part of SessionFactory shut-down'
2019-05-31 23:41:54.244  INFO 8140 --- [Thread-10] .SchemaDropperImpl$DelayedDropActionImpl : HHH000477: Starting delayed evictData of schema as part of SessionFactory shut-down'
2019-05-31 23:41:54.244  INFO 8140 --- [Thread-6] o.s.s.concurrent.ThreadPoolTaskExecutor  : Shutting down ExecutorService 'applicationTaskExecutor'
2019-05-31 23:41:54.246  INFO 8140 --- [Thread-6] j.LocalContainerEntityManagerFactoryBean : Closing JPA EntityManagerFactory for persistence unit 'default'
2019-05-31 23:41:54.247  INFO 8140 --- [Thread-6] .SchemaDropperImpl$DelayedDropActionImpl : HHH000477: Starting delayed evictData of schema as part of SessionFactory shut-down'
2019-05-31 23:43:48.550  INFO 8264 --- [main] io.ashimjk.tddworkout.CachingTest        : Starting CachingTest on Ashims-MacBook-Pro.local with PID 8264 (started by ashimkhadka in /Users/ashimkhadka/Documents/code/research/spring/tdd-workout)
2019-05-31 23:43:48.553  INFO 8264 --- [main] io.ashimjk.tddworkout.CachingTest        : No active profile set, falling back to default profiles: default
2019-05-31 23:43:49.186  INFO 8264 --- [main] .s.d.r.c.RepositoryConfigurationDelegate : Bootstrapping Spring Data repositories in DEFAULT mode.
2019-05-31 23:43:49.271  INFO 8264 --- [main] .s.d.r.c.RepositoryConfigurationDelegate : Finished Spring Data repository scanning in 74ms. Found 1 repository interfaces.
2019-05-31 23:43:50.465  INFO 8264 --- [main] com.zaxxer.hikari.HikariDataSource       : HikariPool-1 - Starting...
2019-05-31 23:43:50.671  INFO 8264 --- [main] com.zaxxer.hikari.HikariDataSource       : HikariPool-1 - Start completed.
2019-05-31 23:43:50.783  INFO 8264 --- [main] o.hibernate.jpa.internal.util.LogHelper  : HHH000204: Processing PersistenceUnitInfo [
	name: default
	...]
2019-05-31 23:43:50.863  INFO 8264 --- [main] org.hibernate.Version                    : HHH000412: Hibernate Core {5.3.10.Final}
2019-05-31 23:43:50.865  INFO 8264 --- [main] org.hibernate.cfg.Environment            : HHH000206: hibernate.properties not found
2019-05-31 23:43:50.917  INFO 8264 --- [main] o.hibernate.annotations.common.Version   : HCANN000001: Hibernate Commons Annotations {5.0.4.Final}
2019-05-31 23:43:51.097  INFO 8264 --- [main] org.hibernate.dialect.Dialect            : HHH000400: Using dialect: org.hibernate.dialect.H2Dialect
2019-05-31 23:43:51.669  INFO 8264 --- [main] o.h.t.schema.internal.SchemaCreatorImpl  : HHH000476: Executing import script 'ScriptSourceInputFromUrl(file:/Users/ashimkhadka/Documents/code/research/spring/tdd-workout/target/test-classes/import.sql)'
2019-05-31 23:43:51.675  INFO 8264 --- [main] j.LocalContainerEntityManagerFactoryBean : Initialized JPA EntityManagerFactory for persistence unit 'default'
2019-05-31 23:43:52.162  INFO 8264 --- [main] io.ashimjk.tddworkout.CachingTest        : Started CachingTest in 3.898 seconds (JVM running for 4.781)
2019-05-31 23:43:52.277  INFO 8264 --- [main] b.t.a.o.j.DataJpaTestContextBootstrapper : Neither @ContextConfiguration nor @ContextHierarchy found for test class [io.ashimjk.tddworkout.lgdraft.LgDraftRepositoryTest], using SpringBootContextLoader
2019-05-31 23:43:52.278  INFO 8264 --- [main] o.s.t.c.support.AbstractContextLoader    : Could not detect default resource locations for test class [io.ashimjk.tddworkout.lgdraft.LgDraftRepositoryTest]: no resource found for suffixes {-context.xml, Context.groovy}.
2019-05-31 23:43:52.278  INFO 8264 --- [main] t.c.s.AnnotationConfigContextLoaderUtils : Could not detect default configuration classes for test class [io.ashimjk.tddworkout.lgdraft.LgDraftRepositoryTest]: LgDraftRepositoryTest does not declare any static, non-private, non-final, nested classes annotated with @Configuration.
2019-05-31 23:43:52.307  INFO 8264 --- [main] .b.t.c.SpringBootTestContextBootstrapper : Found @SpringBootConfiguration io.ashimjk.tddworkout.TddWorkoutApplication for test class io.ashimjk.tddworkout.lgdraft.LgDraftRepositoryTest
2019-05-31 23:43:52.308  INFO 8264 --- [main] b.t.a.o.j.DataJpaTestContextBootstrapper : Loaded default TestExecutionListener class names from location [META-INF/spring.factories]: [org.springframework.boot.test.mock.mockito.MockitoTestExecutionListener, org.springframework.boot.test.mock.mockito.ResetMocksTestExecutionListener, org.springframework.boot.test.autoconfigure.restdocs.RestDocsTestExecutionListener, org.springframework.boot.test.autoconfigure.web.client.MockRestServiceServerResetTestExecutionListener, org.springframework.boot.test.autoconfigure.web.servlet.MockMvcPrintOnlyOnFailureTestExecutionListener, org.springframework.boot.test.autoconfigure.web.servlet.WebDriverTestExecutionListener, org.springframework.test.context.web.ServletTestExecutionListener, org.springframework.test.context.support.DirtiesContextBeforeModesTestExecutionListener, org.springframework.test.context.support.DependencyInjectionTestExecutionListener, org.springframework.test.context.support.DirtiesContextTestExecutionListener, org.springframework.test.context.transaction.TransactionalTestExecutionListener, org.springframework.test.context.jdbc.SqlScriptsTestExecutionListener]
2019-05-31 23:43:52.308  INFO 8264 --- [main] b.t.a.o.j.DataJpaTestContextBootstrapper : Using TestExecutionListeners: [org.springframework.test.context.web.ServletTestExecutionListener@203e705e, org.springframework.test.context.support.DirtiesContextBeforeModesTestExecutionListener@78c74647, org.springframework.boot.test.mock.mockito.MockitoTestExecutionListener@39652a30, org.springframework.boot.test.autoconfigure.SpringBootDependencyInjectionTestExecutionListener@5763a655, org.springframework.test.context.support.DirtiesContextTestExecutionListener@40c8067, org.springframework.test.context.transaction.TransactionalTestExecutionListener@46bb0bdf, org.springframework.test.context.jdbc.SqlScriptsTestExecutionListener@561f9d92, org.springframework.boot.test.mock.mockito.ResetMocksTestExecutionListener@1c84d80a, org.springframework.boot.test.autoconfigure.restdocs.RestDocsTestExecutionListener@7ceb6c45, org.springframework.boot.test.autoconfigure.web.client.MockRestServiceServerResetTestExecutionListener@629075f4, org.springframework.boot.test.autoconfigure.web.servlet.MockMvcPrintOnlyOnFailureTestExecutionListener@48499739, org.springframework.boot.test.autoconfigure.web.servlet.WebDriverTestExecutionListener@723742b2]
2019-05-31 23:43:52.345  INFO 8264 --- [main] i.a.t.lgdraft.LgDraftRepositoryTest      : Starting LgDraftRepositoryTest on Ashims-MacBook-Pro.local with PID 8264 (started by ashimkhadka in /Users/ashimkhadka/Documents/code/research/spring/tdd-workout)
2019-05-31 23:43:52.346  INFO 8264 --- [main] i.a.t.lgdraft.LgDraftRepositoryTest      : No active profile set, falling back to default profiles: default
2019-05-31 23:43:52.457  INFO 8264 --- [main] .s.d.r.c.RepositoryConfigurationDelegate : Bootstrapping Spring Data repositories in DEFAULT mode.
2019-05-31 23:43:52.468  INFO 8264 --- [main] .s.d.r.c.RepositoryConfigurationDelegate : Finished Spring Data repository scanning in 10ms. Found 1 repository interfaces.
2019-05-31 23:43:52.480  INFO 8264 --- [main] beddedDataSourceBeanFactoryPostProcessor : Replacing 'dataSource' DataSource bean with embedded version
2019-05-31 23:43:52.566  INFO 8264 --- [main] o.s.j.d.e.EmbeddedDatabaseFactory        : Starting embedded database: url='jdbc:h2:mem:76f2adff-55ba-48ec-b8e1-59623d8b04cb;DB_CLOSE_DELAY=-1;DB_CLOSE_ON_EXIT=false', username='sa'
2019-05-31 23:43:52.638  INFO 8264 --- [main] o.hibernate.jpa.internal.util.LogHelper  : HHH000204: Processing PersistenceUnitInfo [
	name: default
	...]
2019-05-31 23:43:52.645  INFO 8264 --- [main] org.hibernate.dialect.Dialect            : HHH000400: Using dialect: org.hibernate.dialect.H2Dialect
2019-05-31 23:43:52.673  INFO 8264 --- [main] o.h.t.schema.internal.SchemaCreatorImpl  : HHH000476: Executing import script 'ScriptSourceInputFromUrl(file:/Users/ashimkhadka/Documents/code/research/spring/tdd-workout/target/test-classes/import.sql)'
2019-05-31 23:43:52.674  INFO 8264 --- [main] j.LocalContainerEntityManagerFactoryBean : Initialized JPA EntityManagerFactory for persistence unit 'default'
2019-05-31 23:43:53.196  INFO 8264 --- [main] i.a.t.lgdraft.LgDraftRepositoryTest      : Started LgDraftRepositoryTest in 0.885 seconds (JVM running for 5.815)
2019-05-31 23:43:53.212  INFO 8264 --- [main] o.s.t.c.transaction.TransactionContext   : Began transaction (1) for test context [DefaultTestContext@7e31062c testClass = LgDraftRepositoryTest, testInstance = io.ashimjk.tddworkout.lgdraft.LgDraftRepositoryTest@595fed99, testMethod = findByReference_ShouldReturnLGDraft@LgDraftRepositoryTest, testException = [null], mergedContextConfiguration = [MergedContextConfiguration@7d522180 testClass = LgDraftRepositoryTest, locations = '{}', classes = '{class io.ashimjk.tddworkout.TddWorkoutApplication}', contextInitializerClasses = '[]', activeProfiles = '{}', propertySourceLocations = '{}', propertySourceProperties = '{org.springframework.boot.test.autoconfigure.orm.jpa.DataJpaTestContextBootstrapper=true}', contextCustomizers = set[[ImportsContextCustomizer@ff03361 key = [org.springframework.boot.autoconfigure.cache.CacheAutoConfiguration, org.springframework.boot.autoconfigure.data.jpa.JpaRepositoriesAutoConfiguration, org.springframework.boot.autoconfigure.flyway.FlywayAutoConfiguration, org.springframework.boot.autoconfigure.jdbc.DataSourceAutoConfiguration, org.springframework.boot.autoconfigure.jdbc.DataSourceTransactionManagerAutoConfiguration, org.springframework.boot.autoconfigure.jdbc.JdbcTemplateAutoConfiguration, org.springframework.boot.autoconfigure.liquibase.LiquibaseAutoConfiguration, org.springframework.boot.autoconfigure.orm.jpa.HibernateJpaAutoConfiguration, org.springframework.boot.autoconfigure.transaction.TransactionAutoConfiguration, org.springframework.boot.test.autoconfigure.jdbc.TestDatabaseAutoConfiguration, org.springframework.boot.test.autoconfigure.orm.jpa.TestEntityManagerAutoConfiguration]], org.springframework.boot.test.context.filter.ExcludeFilterContextCustomizer@b7dd107, org.springframework.boot.test.json.DuplicateJsonObjectContextCustomizerFactory$DuplicateJsonObjectContextCustomizer@7cbd213e, org.springframework.boot.test.mock.mockito.MockitoContextCustomizer@0, org.springframework.boot.test.autoconfigure.OverrideAutoConfigurationContextCustomizerFactory$DisableAutoConfigurationContextCustomizer@49c1e294, org.springframework.boot.test.autoconfigure.filter.TypeExcludeFiltersContextCustomizer@351584c0, org.springframework.boot.test.autoconfigure.properties.PropertyMappingContextCustomizer@236d26fd, org.springframework.boot.test.autoconfigure.web.servlet.WebDriverContextCustomizerFactory$Customizer@548ad73b], contextLoader = 'org.springframework.boot.test.context.SpringBootContextLoader', parent = [null]], attributes = map[[empty]]]; transaction manager [org.springframework.orm.jpa.JpaTransactionManager@67763ebe]; rollback [true]
2019-05-31 23:43:53.291  INFO 8264 --- [main] o.h.h.i.QueryTranslatorFactoryInitiator  : HHH000397: Using ASTQueryTranslatorFactory
2019-05-31 23:43:53.426  INFO 8264 --- [main] o.s.t.c.transaction.TransactionContext   : Rolled back transaction for test: [DefaultTestContext@7e31062c testClass = LgDraftRepositoryTest, testInstance = io.ashimjk.tddworkout.lgdraft.LgDraftRepositoryTest@595fed99, testMethod = findByReference_ShouldReturnLGDraft@LgDraftRepositoryTest, testException = [null], mergedContextConfiguration = [MergedContextConfiguration@7d522180 testClass = LgDraftRepositoryTest, locations = '{}', classes = '{class io.ashimjk.tddworkout.TddWorkoutApplication}', contextInitializerClasses = '[]', activeProfiles = '{}', propertySourceLocations = '{}', propertySourceProperties = '{org.springframework.boot.test.autoconfigure.orm.jpa.DataJpaTestContextBootstrapper=true}', contextCustomizers = set[[ImportsContextCustomizer@ff03361 key = [org.springframework.boot.autoconfigure.cache.CacheAutoConfiguration, org.springframework.boot.autoconfigure.data.jpa.JpaRepositoriesAutoConfiguration, org.springframework.boot.autoconfigure.flyway.FlywayAutoConfiguration, org.springframework.boot.autoconfigure.jdbc.DataSourceAutoConfiguration, org.springframework.boot.autoconfigure.jdbc.DataSourceTransactionManagerAutoConfiguration, org.springframework.boot.autoconfigure.jdbc.JdbcTemplateAutoConfiguration, org.springframework.boot.autoconfigure.liquibase.LiquibaseAutoConfiguration, org.springframework.boot.autoconfigure.orm.jpa.HibernateJpaAutoConfiguration, org.springframework.boot.autoconfigure.transaction.TransactionAutoConfiguration, org.springframework.boot.test.autoconfigure.jdbc.TestDatabaseAutoConfiguration, org.springframework.boot.test.autoconfigure.orm.jpa.TestEntityManagerAutoConfiguration]], org.springframework.boot.test.context.filter.ExcludeFilterContextCustomizer@b7dd107, org.springframework.boot.test.json.DuplicateJsonObjectContextCustomizerFactory$DuplicateJsonObjectContextCustomizer@7cbd213e, org.springframework.boot.test.mock.mockito.MockitoContextCustomizer@0, org.springframework.boot.test.autoconfigure.OverrideAutoConfigurationContextCustomizerFactory$DisableAutoConfigurationContextCustomizer@49c1e294, org.springframework.boot.test.autoconfigure.filter.TypeExcludeFiltersContextCustomizer@351584c0, org.springframework.boot.test.autoconfigure.properties.PropertyMappingContextCustomizer@236d26fd, org.springframework.boot.test.autoconfigure.web.servlet.WebDriverContextCustomizerFactory$Customizer@548ad73b], contextLoader = 'org.springframework.boot.test.context.SpringBootContextLoader', parent = [null]], attributes = map[[empty]]]
2019-05-31 23:43:53.431  INFO 8264 --- [main] .b.t.a.w.s.WebMvcTestContextBootstrapper : Neither @ContextConfiguration nor @ContextHierarchy found for test class [io.ashimjk.tddworkout.lgdraft.LgDraftControllerTest], using SpringBootContextLoader
2019-05-31 23:43:53.432  INFO 8264 --- [main] o.s.t.c.support.AbstractContextLoader    : Could not detect default resource locations for test class [io.ashimjk.tddworkout.lgdraft.LgDraftControllerTest]: no resource found for suffixes {-context.xml, Context.groovy}.
2019-05-31 23:43:53.433  INFO 8264 --- [main] t.c.s.AnnotationConfigContextLoaderUtils : Could not detect default configuration classes for test class [io.ashimjk.tddworkout.lgdraft.LgDraftControllerTest]: LgDraftControllerTest does not declare any static, non-private, non-final, nested classes annotated with @Configuration.
2019-05-31 23:43:53.442  INFO 8264 --- [main] .b.t.c.SpringBootTestContextBootstrapper : Found @SpringBootConfiguration io.ashimjk.tddworkout.TddWorkoutApplication for test class io.ashimjk.tddworkout.lgdraft.LgDraftControllerTest
2019-05-31 23:43:53.443  INFO 8264 --- [main] .b.t.a.w.s.WebMvcTestContextBootstrapper : Loaded default TestExecutionListener class names from location [META-INF/spring.factories]: [org.springframework.boot.test.mock.mockito.MockitoTestExecutionListener, org.springframework.boot.test.mock.mockito.ResetMocksTestExecutionListener, org.springframework.boot.test.autoconfigure.restdocs.RestDocsTestExecutionListener, org.springframework.boot.test.autoconfigure.web.client.MockRestServiceServerResetTestExecutionListener, org.springframework.boot.test.autoconfigure.web.servlet.MockMvcPrintOnlyOnFailureTestExecutionListener, org.springframework.boot.test.autoconfigure.web.servlet.WebDriverTestExecutionListener, org.springframework.test.context.web.ServletTestExecutionListener, org.springframework.test.context.support.DirtiesContextBeforeModesTestExecutionListener, org.springframework.test.context.support.DependencyInjectionTestExecutionListener, org.springframework.test.context.support.DirtiesContextTestExecutionListener, org.springframework.test.context.transaction.TransactionalTestExecutionListener, org.springframework.test.context.jdbc.SqlScriptsTestExecutionListener]
2019-05-31 23:43:53.443  INFO 8264 --- [main] .b.t.a.w.s.WebMvcTestContextBootstrapper : Using TestExecutionListeners: [org.springframework.test.context.web.ServletTestExecutionListener@7254838, org.springframework.test.context.support.DirtiesContextBeforeModesTestExecutionListener@39374689, org.springframework.boot.test.mock.mockito.MockitoTestExecutionListener@2e204155, org.springframework.boot.test.autoconfigure.SpringBootDependencyInjectionTestExecutionListener@27dc335a, org.springframework.test.context.support.DirtiesContextTestExecutionListener@a95cb11, org.springframework.test.context.transaction.TransactionalTestExecutionListener@915d7c4, org.springframework.test.context.jdbc.SqlScriptsTestExecutionListener@2513155a, org.springframework.boot.test.mock.mockito.ResetMocksTestExecutionListener@6313b441, org.springframework.boot.test.autoconfigure.restdocs.RestDocsTestExecutionListener@47fa3671, org.springframework.boot.test.autoconfigure.web.client.MockRestServiceServerResetTestExecutionListener@60f662bd, org.springframework.boot.test.autoconfigure.web.servlet.MockMvcPrintOnlyOnFailureTestExecutionListener@5df2023c, org.springframework.boot.test.autoconfigure.web.servlet.WebDriverTestExecutionListener@23bd047f]
2019-05-31 23:43:53.479  INFO 8264 --- [main] i.a.t.lgdraft.LgDraftControllerTest      : Starting LgDraftControllerTest on Ashims-MacBook-Pro.local with PID 8264 (started by ashimkhadka in /Users/ashimkhadka/Documents/code/research/spring/tdd-workout)
2019-05-31 23:43:53.480  INFO 8264 --- [main] i.a.t.lgdraft.LgDraftControllerTest      : No active profile set, falling back to default profiles: default
2019-05-31 23:43:54.011  INFO 8264 --- [main] trationDelegate$BeanPostProcessorChecker : Bean 'org.springframework.hateoas.config.HateoasConfiguration' of type [org.springframework.hateoas.config.HateoasConfiguration$$EnhancerBySpringCGLIB$$a859b245] is not eligible for getting processed by all BeanPostProcessors (for example: not eligible for auto-proxying)
2019-05-31 23:43:54.462  INFO 8264 --- [main] o.s.s.concurrent.ThreadPoolTaskExecutor  : Initializing ExecutorService 'applicationTaskExecutor'
2019-05-31 23:43:54.808  INFO 8264 --- [main] o.s.b.t.m.w.SpringBootMockServletContext : Initializing Spring TestDispatcherServlet ''
2019-05-31 23:43:54.809  INFO 8264 --- [main] o.s.t.web.servlet.TestDispatcherServlet  : Initializing Servlet ''
2019-05-31 23:43:54.825  INFO 8264 --- [main] o.s.t.web.servlet.TestDispatcherServlet  : Completed initialization in 16 ms
2019-05-31 23:43:54.860  INFO 8264 --- [main] i.a.t.lgdraft.LgDraftControllerTest      : Started LgDraftControllerTest in 1.407 seconds (JVM running for 7.479)
2019-05-31 23:43:55.089  INFO 8264 --- [main] .b.t.c.SpringBootTestContextBootstrapper : Neither @ContextConfiguration nor @ContextHierarchy found for test class [io.ashimjk.tddworkout.IntegrationTest], using SpringBootContextLoader
2019-05-31 23:43:55.090  INFO 8264 --- [main] o.s.t.c.support.AbstractContextLoader    : Could not detect default resource locations for test class [io.ashimjk.tddworkout.IntegrationTest]: no resource found for suffixes {-context.xml, Context.groovy}.
2019-05-31 23:43:55.091  INFO 8264 --- [main] t.c.s.AnnotationConfigContextLoaderUtils : Could not detect default configuration classes for test class [io.ashimjk.tddworkout.IntegrationTest]: IntegrationTest does not declare any static, non-private, non-final, nested classes annotated with @Configuration.
2019-05-31 23:43:55.092  INFO 8264 --- [main] .b.t.c.SpringBootTestContextBootstrapper : Found @SpringBootConfiguration io.ashimjk.tddworkout.TddWorkoutApplication for test class io.ashimjk.tddworkout.IntegrationTest
2019-05-31 23:43:55.094  INFO 8264 --- [main] .b.t.c.SpringBootTestContextBootstrapper : Loaded default TestExecutionListener class names from location [META-INF/spring.factories]: [org.springframework.boot.test.mock.mockito.MockitoTestExecutionListener, org.springframework.boot.test.mock.mockito.ResetMocksTestExecutionListener, org.springframework.boot.test.autoconfigure.restdocs.RestDocsTestExecutionListener, org.springframework.boot.test.autoconfigure.web.client.MockRestServiceServerResetTestExecutionListener, org.springframework.boot.test.autoconfigure.web.servlet.MockMvcPrintOnlyOnFailureTestExecutionListener, org.springframework.boot.test.autoconfigure.web.servlet.WebDriverTestExecutionListener, org.springframework.test.context.web.ServletTestExecutionListener, org.springframework.test.context.support.DirtiesContextBeforeModesTestExecutionListener, org.springframework.test.context.support.DependencyInjectionTestExecutionListener, org.springframework.test.context.support.DirtiesContextTestExecutionListener, org.springframework.test.context.transaction.TransactionalTestExecutionListener, org.springframework.test.context.jdbc.SqlScriptsTestExecutionListener]
2019-05-31 23:43:55.095  INFO 8264 --- [main] .b.t.c.SpringBootTestContextBootstrapper : Using TestExecutionListeners: [org.springframework.test.context.web.ServletTestExecutionListener@7323c38c, org.springframework.test.context.support.DirtiesContextBeforeModesTestExecutionListener@2c02a007, org.springframework.boot.test.mock.mockito.MockitoTestExecutionListener@63a72cc6, org.springframework.boot.test.autoconfigure.SpringBootDependencyInjectionTestExecutionListener@61bd0845, org.springframework.test.context.support.DirtiesContextTestExecutionListener@cef885d, org.springframework.test.context.transaction.TransactionalTestExecutionListener@35d4035f, org.springframework.test.context.jdbc.SqlScriptsTestExecutionListener@6f4fc83f, org.springframework.boot.test.mock.mockito.ResetMocksTestExecutionListener@66b90ab3, org.springframework.boot.test.autoconfigure.restdocs.RestDocsTestExecutionListener@16e4db59, org.springframework.boot.test.autoconfigure.web.client.MockRestServiceServerResetTestExecutionListener@33fec21, org.springframework.boot.test.autoconfigure.web.servlet.MockMvcPrintOnlyOnFailureTestExecutionListener@12a0d249, org.springframework.boot.test.autoconfigure.web.servlet.WebDriverTestExecutionListener@3c62be3c]
2019-05-31 23:43:55.136  INFO 8264 --- [main] io.ashimjk.tddworkout.IntegrationTest    : Starting IntegrationTest on Ashims-MacBook-Pro.local with PID 8264 (started by ashimkhadka in /Users/ashimkhadka/Documents/code/research/spring/tdd-workout)
2019-05-31 23:43:55.137  INFO 8264 --- [main] io.ashimjk.tddworkout.IntegrationTest    : No active profile set, falling back to default profiles: default
2019-05-31 23:43:55.351  INFO 8264 --- [main] .s.d.r.c.RepositoryConfigurationDelegate : Bootstrapping Spring Data repositories in DEFAULT mode.
2019-05-31 23:43:55.361  INFO 8264 --- [main] .s.d.r.c.RepositoryConfigurationDelegate : Finished Spring Data repository scanning in 10ms. Found 1 repository interfaces.
2019-05-31 23:43:55.490  INFO 8264 --- [main] trationDelegate$BeanPostProcessorChecker : Bean 'org.springframework.transaction.annotation.ProxyTransactionManagementConfiguration' of type [org.springframework.transaction.annotation.ProxyTransactionManagementConfiguration$$EnhancerBySpringCGLIB$$28d96513] is not eligible for getting processed by all BeanPostProcessors (for example: not eligible for auto-proxying)
2019-05-31 23:43:55.531  INFO 8264 --- [main] trationDelegate$BeanPostProcessorChecker : Bean 'org.springframework.hateoas.config.HateoasConfiguration' of type [org.springframework.hateoas.config.HateoasConfiguration$$EnhancerBySpringCGLIB$$a859b245] is not eligible for getting processed by all BeanPostProcessors (for example: not eligible for auto-proxying)
2019-05-31 23:43:55.867  INFO 8264 --- [main] o.s.b.w.embedded.tomcat.TomcatWebServer  : Tomcat initialized with port(s): 0 (http)
2019-05-31 23:43:55.906  INFO 8264 --- [main] o.apache.catalina.core.StandardService   : Starting service [Tomcat]
2019-05-31 23:43:55.906  INFO 8264 --- [main] org.apache.catalina.core.StandardEngine  : Starting Servlet engine: [Apache Tomcat/9.0.19]
2019-05-31 23:43:56.062  INFO 8264 --- [main] o.a.c.c.C.[Tomcat].[localhost].[/]       : Initializing Spring embedded WebApplicationContext
2019-05-31 23:43:56.063  INFO 8264 --- [main] o.s.web.context.ContextLoader            : Root WebApplicationContext: initialization completed in 922 ms
2019-05-31 23:43:56.264  INFO 8264 --- [main] com.zaxxer.hikari.HikariDataSource       : HikariPool-2 - Starting...
2019-05-31 23:43:56.265  INFO 8264 --- [main] com.zaxxer.hikari.HikariDataSource       : HikariPool-2 - Start completed.
2019-05-31 23:43:56.285  INFO 8264 --- [main] o.hibernate.jpa.internal.util.LogHelper  : HHH000204: Processing PersistenceUnitInfo [
	name: default
	...]
2019-05-31 23:43:56.292  INFO 8264 --- [main] org.hibernate.dialect.Dialect            : HHH000400: Using dialect: org.hibernate.dialect.H2Dialect
2019-05-31 23:43:56.327  INFO 8264 --- [main] o.h.t.schema.internal.SchemaCreatorImpl  : HHH000476: Executing import script 'ScriptSourceInputFromUrl(file:/Users/ashimkhadka/Documents/code/research/spring/tdd-workout/target/test-classes/import.sql)'
2019-05-31 23:43:56.328  INFO 8264 --- [main] j.LocalContainerEntityManagerFactoryBean : Initialized JPA EntityManagerFactory for persistence unit 'default'
2019-05-31 23:43:56.699  INFO 8264 --- [main] o.s.s.concurrent.ThreadPoolTaskExecutor  : Initializing ExecutorService 'applicationTaskExecutor'
2019-05-31 23:43:56.720  WARN 8264 --- [main] aWebConfiguration$JpaWebMvcConfiguration : spring.jpa.open-in-view is enabled by default. Therefore, database queries may be performed during view rendering. Explicitly configure spring.jpa.open-in-view to disable this warning
2019-05-31 23:43:57.076  INFO 8264 --- [main] o.s.b.w.embedded.tomcat.TomcatWebServer  : Tomcat started on port(s): 54622 (http) with context path ''
2019-05-31 23:43:57.077  INFO 8264 --- [main] io.ashimjk.tddworkout.IntegrationTest    : Started IntegrationTest in 1.979 seconds (JVM running for 9.696)
2019-05-31 23:43:57.229  INFO 8264 --- [http-nio-auto-1-exec-1] o.a.c.c.C.[Tomcat].[localhost].[/]       : Initializing Spring DispatcherServlet 'dispatcherServlet'
2019-05-31 23:43:57.229  INFO 8264 --- [http-nio-auto-1-exec-1] o.s.web.servlet.DispatcherServlet        : Initializing Servlet 'dispatcherServlet'
2019-05-31 23:43:57.255  INFO 8264 --- [http-nio-auto-1-exec-1] o.s.web.servlet.DispatcherServlet        : Completed initialization in 26 ms
2019-05-31 23:43:57.281  INFO 8264 --- [http-nio-auto-1-exec-1] o.h.h.i.QueryTranslatorFactoryInitiator  : HHH000397: Using ASTQueryTranslatorFactory
2019-05-31 23:43:57.351  INFO 8264 --- [Thread-3] j.LocalContainerEntityManagerFactoryBean : Closing JPA EntityManagerFactory for persistence unit 'default'
2019-05-31 23:43:57.352  INFO 8264 --- [Thread-3] .SchemaDropperImpl$DelayedDropActionImpl : HHH000477: Starting delayed evictData of schema as part of SessionFactory shut-down'
2019-05-31 23:43:57.353  INFO 8264 --- [Thread-5] j.LocalContainerEntityManagerFactoryBean : Closing JPA EntityManagerFactory for persistence unit 'default'
2019-05-31 23:43:57.353  INFO 8264 --- [Thread-7] o.s.s.concurrent.ThreadPoolTaskExecutor  : Shutting down ExecutorService 'applicationTaskExecutor'
2019-05-31 23:43:57.353  INFO 8264 --- [Thread-5] .SchemaDropperImpl$DelayedDropActionImpl : HHH000477: Starting delayed evictData of schema as part of SessionFactory shut-down'
2019-05-31 23:43:57.356  INFO 8264 --- [Thread-10] o.s.s.concurrent.ThreadPoolTaskExecutor  : Shutting down ExecutorService 'applicationTaskExecutor'
2019-05-31 23:43:57.357  INFO 8264 --- [Thread-10] j.LocalContainerEntityManagerFactoryBean : Closing JPA EntityManagerFactory for persistence unit 'default'
2019-05-31 23:43:57.357  INFO 8264 --- [Thread-10] .SchemaDropperImpl$DelayedDropActionImpl : HHH000477: Starting delayed evictData of schema as part of SessionFactory shut-down'
